Scrape active games or run retroactively? (P/R): sample or run (S/R)What scoring mechanism? (N/R/W) ELO? (Y/N) acmbol071820.csv
2020-06-28 00:00:00
2020-06-28 00:00:00
0.644211 1.0 0.644211
acmjuv070720.csv
2020-06-30 00:00:00
2020-06-28 00:00:00
1.14912 2.0 0.57456
alvrso061820.csv
2020-06-29 00:00:00
2020-06-24 00:00:00
2020-06-21 00:00:00
2020-06-18 00:00:00
2020-06-27 00:00:00
2020-06-24 00:00:00
2020-06-21 00:00:00
2020-06-18 00:00:00
1.8251369999999998 3.0 0.608379
arsche080120.csv
2020-06-28 00:00:00
2020-06-28 00:00:00
2.8167269999999998 4.0 0.704182
arslei070720.csv
2020-06-28 00:00:00
2020-06-28 00:00:00
3.7427029999999997 5.0 0.748541
arslei102520.csv
2020-12-22 00:00:00
2020-11-26 00:00:00
2020-11-22 00:00:00
2020-11-08 00:00:00
2020-11-05 00:00:00
2020-11-01 00:00:00
2020-10-29 00:00:00
2020-10-25 00:00:00
2020-11-26 00:00:00
2020-11-21 00:00:00
2020-11-08 00:00:00
2020-11-05 00:00:00
2020-11-02 00:00:00
2020-10-29 00:00:00
2020-10-25 00:00:00
4.260235 6.0 0.710039
arsliv071520.csv
2020-06-24 00:00:00
2020-06-28 00:00:00
5.243411 7.0 0.749059
arsmci071820.csv
2020-06-28 00:00:00
2020-06-28 00:00:00
6.101981 8.0 0.762748
arswhu091920.csv
2020-12-22 00:00:00
2020-11-26 00:00:00
2020-11-22 00:00:00
2020-11-08 00:00:00
2020-11-05 00:00:00
2020-11-01 00:00:00
2020-10-29 00:00:00
2020-10-25 00:00:00
2020-10-22 00:00:00
2020-10-17 00:00:00
2020-10-04 00:00:00
2020-10-01 00:00:00
2020-09-28 00:00:00
2020-09-23 00:00:00
2020-09-19 00:00:00
2020-11-22 00:00:00
2020-11-07 00:00:00
2020-10-31 00:00:00
2020-10-24 00:00:00
2020-10-18 00:00:00
2020-10-04 00:00:00
2020-09-30 00:00:00
2020-09-27 00:00:00
2020-09-22 00:00:00
2020-09-19 00:00:00
6.506609 9.0 0.722957
arsshu100420.csv
2020-12-22 00:00:00
2020-11-26 00:00:00
2020-11-22 00:00:00
2020-11-08 00:00:00
2020-11-05 00:00:00
2020-11-01 00:00:00
2020-10-29 00:00:00
2020-10-25 00:00:00
2020-10-22 00:00:00
2020-10-17 00:00:00
2020-10-04 00:00:00
2020-11-22 00:00:00
2020-11-07 00:00:00
2020-10-31 00:00:00
2020-10-24 00:00:00
2020-10-18 00:00:00
2020-10-04 00:00:00
7.133977 10.0 0.713398
atapsg081220.csv
2020-03-11 00:00:00
2020-06-28 00:00:00
7.924723999999999 11.0 0.720429
athatl061420.csv
2020-06-27 00:00:00
2020-06-23 00:00:00
2020-06-20 00:00:00
2020-06-17 00:00:00
2020-06-14 00:00:00
2020-06-30 00:00:00
2020-06-27 00:00:00
2020-06-23 00:00:00
2020-06-20 00:00:00
2020-06-17 00:00:00
2020-06-14 00:00:00
8.236521999999999 12.0 0.686377
atlalv062720.csv
2020-06-30 00:00:00
2020-06-27 00:00:00
2020-06-27 00:00:00
9.082837999999999 13.0 0.69868
atlmll070320.csv
2020-06-30 00:00:00
2020-06-30 00:00:00
9.915937999999999 14.0 0.708281
avlars072120.csv
2020-06-28 00:00:00
2020-06-27 00:00:00
10.470782999999999 15.0 0.698052
avlche062120.csv
2020-06-28 00:00:00
2020-06-25 00:00:00
2020-06-21 00:00:00
2020-06-27 00:00:00
2020-06-24 00:00:00
2020-06-21 00:00:00
10.850909 16.0 0.678182
avlcry071220.csv
2020-06-27 00:00:00
2020-06-29 00:00:00
11.786393 17.0 0.693317
avllee102320.csv
2020-11-21 00:00:00
2020-11-08 00:00:00
2020-11-01 00:00:00
2020-10-23 00:00:00
2020-11-22 00:00:00
2020-11-07 00:00:00
2020-11-02 00:00:00
2020-10-23 00:00:00
12.124401 18.0 0.673578
avlliv100420.csv
2020-11-25 00:00:00
2020-11-21 00:00:00
2020-11-08 00:00:00
2020-11-03 00:00:00
2020-10-31 00:00:00
2020-10-27 00:00:00
2020-10-24 00:00:00
2020-10-21 00:00:00
2020-10-17 00:00:00
2020-10-04 00:00:00
2020-11-21 00:00:00
2020-11-08 00:00:00
2020-11-01 00:00:00
2020-10-23 00:00:00
2020-10-18 00:00:00
2020-10-04 00:00:00
12.991769000000001 19.0 0.683777
avlmu070920.csv
2020-06-30 00:00:00
2020-06-27 00:00:00
13.188573000000002 20.0 0.659429
avlwol062720.csv
2020-06-27 00:00:00
2020-06-27 00:00:00
13.528215000000001 21.0 0.644201
barath062320.csv
2020-06-30 00:00:00
2020-06-27 00:00:00
2020-06-23 00:00:00
2020-06-27 00:00:00
2020-06-23 00:00:00
14.159351000000001 22.0 0.643607
baratl063020.csv
2020-06-30 00:00:00
2020-06-30 00:00:00
14.955985 23.0 0.65026
barbay081420.csv
2020-06-27 00:00:00
2020-06-30 00:00:00
15.601621 24.0 0.650068
baresp070820.csv
2020-06-30 00:00:00
2020-06-28 00:00:00
16.353374 25.0 0.654135
barlw061620.csv
2020-06-30 00:00:00
2020-06-27 00:00:00
2020-06-23 00:00:00
2020-06-19 00:00:00
2020-06-16 00:00:00
2020-06-30 00:00:00
2020-06-27 00:00:00
2020-06-22 00:00:00
2020-06-19 00:00:00
2020-06-16 00:00:00
16.688577 26.0 0.641868
barnap080820.csv
2020-06-30 00:00:00
2020-06-28 00:00:00
17.202261 27.0 0.637121
bayche080820.csv
2020-06-27 00:00:00
2020-06-28 00:00:00
17.939103 28.0 0.640682
baymgb061320.csv
2020-06-27 00:00:00
2020-06-20 00:00:00
2020-06-16 00:00:00
2020-06-13 00:00:00
2020-06-27 00:00:00
2020-06-20 00:00:00
2020-06-16 00:00:00
2020-06-13 00:00:00
18.092626 29.0 0.623884
bays04091820.csv
2020-11-25 00:00:00
2020-11-21 00:00:00
2020-11-07 00:00:00
2020-11-03 00:00:00
2020-10-31 00:00:00
2020-10-27 00:00:00
2020-10-24 00:00:00
2020-10-21 00:00:00
2020-10-17 00:00:00
2020-10-04 00:00:00
2020-09-30 00:00:00
2020-09-27 00:00:00
2020-09-24 00:00:00
2020-09-18 00:00:00
2020-11-21 00:00:00
2020-11-07 00:00:00
2020-11-03 00:00:00
2020-10-30 00:00:00
2020-10-24 00:00:00
2020-10-18 00:00:00
2020-10-03 00:00:00
2020-09-26 00:00:00
2020-09-18 00:00:00
18.773118 30.0 0.625771
bhaars062020.csv
2020-06-28 00:00:00
2020-06-25 00:00:00
2020-06-20 00:00:00
2020-06-30 00:00:00
2020-06-23 00:00:00
2020-06-20 00:00:00
19.421084 31.0 0.626487
bhache091420.csv
2020-11-24 00:00:00
2020-11-21 00:00:00
2020-11-07 00:00:00
2020-11-04 00:00:00
2020-10-31 00:00:00
2020-10-28 00:00:00
2020-10-24 00:00:00
2020-10-20 00:00:00
2020-10-17 00:00:00
2020-10-03 00:00:00
2020-09-29 00:00:00
2020-09-26 00:00:00
2020-09-23 00:00:00
2020-09-20 00:00:00
2020-09-14 00:00:00
2020-11-21 00:00:00
2020-11-06 00:00:00
2020-11-01 00:00:00
2020-10-26 00:00:00
2020-10-18 00:00:00
2020-10-03 00:00:00
2020-09-30 00:00:00
2020-09-26 00:00:00
2020-09-23 00:00:00
2020-09-20 00:00:00
2020-09-17 00:00:00
2020-09-14 00:00:00
20.342543 32.0 0.635704
bhaliv070820.csv
2020-06-24 00:00:00
2020-06-30 00:00:00
21.1272 33.0 0.640218
bhamci071120.csv
2020-06-28 00:00:00
2020-06-30 00:00:00
21.279145 34.0 0.625857
bhamu063020.csv
2020-06-30 00:00:00
2020-06-30 00:00:00
22.084663 35.0 0.63099
bornan082120.csv
2020-03-08 00:00:00
2020-03-07 00:00:00
22.704423 36.0 0.630678
boulei071220.csv
2020-06-28 00:00:00
2020-06-24 00:00:00
23.404213 37.0 0.632546
bousou071920.csv
2020-06-28 00:00:00
2020-06-24 00:00:00
24.273778 38.0 0.638784
boutot070920.csv
2020-06-23 00:00:00
2020-06-24 00:00:00
25.24713 39.0 0.647362
breful080420.csv
2020-06-30 00:00:00
2020-06-30 00:00:00
26.231403999999998 40.0 0.655785
breswa072920.csv
2020-06-30 00:00:00
2020-06-30 00:00:00
26.868851 41.0 0.655338
brsmar083020.csv
2021-01-13 00:00:00
2020-11-25 00:00:00
2020-11-21 00:00:00
2020-11-06 00:00:00
2020-11-03 00:00:00
2020-10-27 00:00:00
2020-10-24 00:00:00
2020-10-21 00:00:00
2020-10-17 00:00:00
2020-10-04 00:00:00
2020-09-26 00:00:00
2020-09-20 00:00:00
2020-09-17 00:00:00
2020-09-13 00:00:00
2020-08-30 00:00:00
2020-11-21 00:00:00
2020-11-08 00:00:00
2020-10-31 00:00:00
2020-10-25 00:00:00
2020-10-18 00:00:00
2020-10-04 00:00:00
2020-09-27 00:00:00
2020-09-20 00:00:00
2020-09-13 00:00:00
2020-08-30 00:00:00
27.295011 42.0 0.649881
bscsge092520.csv
2020-11-21 00:00:00
2020-11-07 00:00:00
2020-10-31 00:00:00
2020-10-24 00:00:00
2020-10-18 00:00:00
2020-10-03 00:00:00
2020-09-25 00:00:00
2020-11-21 00:00:00
2020-11-07 00:00:00
2020-11-01 00:00:00
2020-10-24 00:00:00
2020-10-17 00:00:00
2020-10-04 00:00:00
2020-09-25 00:00:00
27.964831999999998 43.0 0.650345
burshu070520.csv
2020-06-29 00:00:00
2020-06-28 00:00:00
28.339305999999997 44.0 0.644075
bursou092620.csv
2020-11-21 00:00:00
2020-11-06 00:00:00
2020-11-01 00:00:00
2020-10-25 00:00:00
2020-10-17 00:00:00
2020-10-04 00:00:00
2020-09-26 00:00:00
2020-11-21 00:00:00
2020-11-06 00:00:00
2020-10-31 00:00:00
2020-10-26 00:00:00
2020-10-19 00:00:00
2020-10-03 00:00:00
2020-09-30 00:00:00
2020-09-26 00:00:00
29.126121999999995 45.0 0.647247
bvbbsc060620.csv
2020-06-27 00:00:00
2020-06-20 00:00:00
2020-06-17 00:00:00
2020-06-13 00:00:00
2020-06-06 00:00:00
2020-06-27 00:00:00
2020-06-20 00:00:00
2020-06-16 00:00:00
2020-06-13 00:00:00
2020-06-06 00:00:00
29.499938999999994 46.0 0.641303
bvbmgb091920.csv
2020-11-24 00:00:00
2020-11-21 00:00:00
2020-11-07 00:00:00
2020-11-04 00:00:00
2020-10-31 00:00:00
2020-10-28 00:00:00
2020-10-24 00:00:00
2020-10-20 00:00:00
2020-10-17 00:00:00
2020-10-03 00:00:00
2020-09-30 00:00:00
2020-09-26 00:00:00
2020-09-19 00:00:00
2020-11-25 00:00:00
2020-11-21 00:00:00
2020-11-08 00:00:00
2020-11-03 00:00:00
2020-10-31 00:00:00
2020-10-27 00:00:00
2020-10-24 00:00:00
2020-10-21 00:00:00
2020-10-17 00:00:00
2020-10-03 00:00:00
2020-09-26 00:00:00
2020-09-19 00:00:00
29.638346999999992 47.0 0.630603
cagjuv072920.csv
2020-06-30 00:00:00
2020-06-27 00:00:00
30.60255799999999 48.0 0.637553
carful072720.csv
2020-06-30 00:00:00
2020-06-30 00:00:00
31.10802499999999 49.0 0.634858
celatl070720.csv
2020-06-30 00:00:00
2020-06-30 00:00:00
31.54420999999999 50.0 0.630884
celbar062720.csv
2020-06-30 00:00:00
2020-06-27 00:00:00
2020-06-30 00:00:00
2020-06-27 00:00:00
31.927098999999988 51.0 0.626022
celbar100120.csv
2020-11-24 00:00:00
2020-11-21 00:00:00
2020-11-07 00:00:00
2020-11-04 00:00:00
2020-10-31 00:00:00
2020-10-28 00:00:00
2020-10-24 00:00:00
2020-10-20 00:00:00
2020-10-17 00:00:00
2020-10-04 00:00:00
2020-10-01 00:00:00
2020-11-21 00:00:00
2020-11-06 00:00:00
2020-11-01 00:00:00
2020-10-26 00:00:00
2020-10-17 00:00:00
2020-10-04 00:00:00
2020-10-01 00:00:00
32.075974999999985 52.0 0.616846
cheliv092020.csv
2020-11-25 00:00:00
2020-11-21 00:00:00
2020-11-08 00:00:00
2020-11-03 00:00:00
2020-10-31 00:00:00
2020-10-27 00:00:00
2020-10-24 00:00:00
2020-10-21 00:00:00
2020-10-17 00:00:00
2020-10-04 00:00:00
2020-10-01 00:00:00
2020-09-28 00:00:00
2020-09-24 00:00:00
2020-09-20 00:00:00
2020-11-24 00:00:00
2020-11-21 00:00:00
2020-11-07 00:00:00
2020-11-04 00:00:00
2020-10-31 00:00:00
2020-10-28 00:00:00
2020-10-24 00:00:00
2020-10-20 00:00:00
2020-10-17 00:00:00
2020-10-03 00:00:00
2020-09-29 00:00:00
2020-09-26 00:00:00
2020-09-23 00:00:00
2020-09-20 00:00:00
32.49027599999999 53.0 0.613024
chemci062520.csv
2020-06-28 00:00:00
2020-06-25 00:00:00
2020-06-28 00:00:00
2020-06-25 00:00:00
33.06765199999999 54.0 0.612364
chenor071420.csv
2020-06-28 00:00:00
2020-06-27 00:00:00
33.95214899999999 55.0 0.617312
chesou101720.csv
2020-11-24 00:00:00
2020-11-21 00:00:00
2020-11-07 00:00:00
2020-11-04 00:00:00
2020-10-31 00:00:00
2020-10-28 00:00:00
2020-10-24 00:00:00
2020-10-20 00:00:00
2020-10-17 00:00:00
2020-11-21 00:00:00
2020-11-06 00:00:00
2020-11-01 00:00:00
2020-10-25 00:00:00
2020-10-17 00:00:00
34.30651299999999 56.0 0.612616
chewat070420.csv
2020-06-28 00:00:00
2020-06-28 00:00:00
34.88800599999999 57.0 0.61207
crybha101820.csv
2020-11-21 00:00:00
2020-11-06 00:00:00
2020-11-01 00:00:00
2020-10-26 00:00:00
2020-10-18 00:00:00
2020-11-21 00:00:00
2020-11-07 00:00:00
2020-10-30 00:00:00
2020-10-24 00:00:00
2020-10-18 00:00:00
35.55326899999999 58.0 0.612987
crybur062920.csv
2020-06-29 00:00:00
2020-06-29 00:00:00
36.15461499999999 59.0 0.61279
cryche070720.csv
2020-06-28 00:00:00
2020-06-29 00:00:00
36.409873999999995 60.0 0.606831
crymu071620.csv
2020-06-30 00:00:00
2020-06-29 00:00:00
36.651253 61.0 0.60084
crysou091220.csv
2020-11-21 00:00:00
2020-11-06 00:00:00
2020-11-01 00:00:00
2020-10-25 00:00:00
2020-10-17 00:00:00
2020-10-04 00:00:00
2020-09-26 00:00:00
2020-09-20 00:00:00
2020-09-16 00:00:00
2020-09-12 00:00:00
2020-11-21 00:00:00
2020-11-07 00:00:00
2020-10-30 00:00:00
2020-10-24 00:00:00
2020-10-18 00:00:00
2020-10-03 00:00:00
2020-09-26 00:00:00
2020-09-19 00:00:00
2020-09-15 00:00:00
2020-09-12 00:00:00
37.611253 62.0 0.606633
dijanr082220.csv
2020-03-07 00:00:00
2020-03-07 00:00:00
38.062729999999995 63.0 0.60417
dijren101620.csv
2020-11-24 00:00:00
2020-11-20 00:00:00
2020-11-07 00:00:00
2020-11-04 00:00:00
2020-10-31 00:00:00
2020-10-28 00:00:00
2020-10-23 00:00:00
2020-10-20 00:00:00
2020-10-16 00:00:00
2020-11-22 00:00:00
2020-11-08 00:00:00
2020-11-01 00:00:00
2020-10-24 00:00:00
2020-10-16 00:00:00
38.539522999999996 64.0 0.60218
espalv061320.csv
2020-06-28 00:00:00
2020-06-25 00:00:00
2020-06-20 00:00:00
2020-06-16 00:00:00
2020-06-13 00:00:00
2020-06-27 00:00:00
2020-06-24 00:00:00
2020-06-21 00:00:00
2020-06-18 00:00:00
2020-06-13 00:00:00
39.421026 65.0 0.606477
esprma062820.csv
2020-06-28 00:00:00
2020-06-28 00:00:00
39.532605 66.0 0.598979
evelei070120.csv
2020-06-28 00:00:00
2020-06-24 00:00:00
39.881637999999995 67.0 0.595248
eveliv101720.csv
2020-11-25 00:00:00
2020-11-21 00:00:00
2020-11-08 00:00:00
2020-11-03 00:00:00
2020-10-31 00:00:00
2020-10-27 00:00:00
2020-10-24 00:00:00
2020-10-21 00:00:00
2020-10-17 00:00:00
2020-12-22 00:00:00
2020-11-21 00:00:00
2020-11-07 00:00:00
2020-11-01 00:00:00
2020-10-25 00:00:00
2020-10-17 00:00:00
40.87427699999999 68.0 0.601092
fcakoe060720.csv
2020-06-27 00:00:00
2020-06-20 00:00:00
2020-06-17 00:00:00
2020-06-13 00:00:00
2020-06-07 00:00:00
2020-06-27 00:00:00
2020-06-20 00:00:00
2020-06-17 00:00:00
2020-06-14 00:00:00
2020-06-07 00:00:00
41.67658999999999 69.0 0.604009
fcum05100220.csv
2020-11-22 00:00:00
2020-11-07 00:00:00
2020-11-02 00:00:00
2020-10-24 00:00:00
2020-10-18 00:00:00
2020-10-02 00:00:00
2020-11-22 00:00:00
2020-11-07 00:00:00
2020-10-31 00:00:00
2020-10-24 00:00:00
2020-10-17 00:00:00
2020-10-02 00:00:00
42.22237299999999 70.0 0.603177
fcus04060720.csv
2020-06-27 00:00:00
2020-06-20 00:00:00
2020-06-17 00:00:00
2020-06-14 00:00:00
2020-06-07 00:00:00
2020-06-27 00:00:00
2020-06-20 00:00:00
2020-06-16 00:00:00
2020-06-13 00:00:00
2020-06-07 00:00:00
42.66557099999999 71.0 0.600924
fulavl092820.csv
2020-11-21 00:00:00
2020-11-08 00:00:00
2020-11-01 00:00:00
2020-10-23 00:00:00
2020-10-18 00:00:00
2020-10-04 00:00:00
2020-10-01 00:00:00
2020-09-28 00:00:00
2020-11-21 00:00:00
2020-11-07 00:00:00
2020-11-02 00:00:00
2020-10-24 00:00:00
2020-10-18 00:00:00
2020-10-04 00:00:00
2020-10-01 00:00:00
2020-09-28 00:00:00
43.60385999999999 72.0 0.605609
fulcar071020.csv
2020-06-30 00:00:00
2020-06-30 00:00:00
44.25228099999999 73.0 0.606196
fulcar073020.csv
2020-06-30 00:00:00
2020-06-30 00:00:00
44.95894099999999 74.0 0.607553
genint072520.csv
2020-06-28 00:00:00
2020-06-30 00:00:00
45.20736199999999 75.0 0.602765
gragtf061220.csv
2020-06-28 00:00:00
2020-06-22 00:00:00
2020-06-19 00:00:00
2020-06-15 00:00:00
2020-06-12 00:00:00
2020-06-29 00:00:00
2020-06-23 00:00:00
2020-06-20 00:00:00
2020-06-16 00:00:00
2020-06-12 00:00:00
45.812012999999986 76.0 0.60279
grarma071320.csv
2020-06-28 00:00:00
2020-06-28 00:00:00
46.27783799999999 77.0 0.601011
gtfrso062920.csv
2020-06-29 00:00:00
2020-06-29 00:00:00
46.55362699999999 78.0 0.596841
intacm101720.csv
2020-11-26 00:00:00
2020-11-22 00:00:00
2020-11-08 00:00:00
2020-11-05 00:00:00
2020-11-01 00:00:00
2020-10-29 00:00:00
2020-10-26 00:00:00
2020-10-22 00:00:00
2020-10-17 00:00:00
2020-11-25 00:00:00
2020-11-22 00:00:00
2020-11-08 00:00:00
2020-11-03 00:00:00
2020-10-31 00:00:00
2020-10-27 00:00:00
2020-10-24 00:00:00
2020-10-21 00:00:00
2020-10-17 00:00:00
46.806791999999994 79.0 0.592491
intlev081020.csv
2020-06-28 00:00:00
2020-06-27 00:00:00
47.452361999999994 80.0 0.593155
juvacm061220.csv
2020-06-30 00:00:00
2020-06-26 00:00:00
2020-06-22 00:00:00
2020-06-17 00:00:00
2020-06-12 00:00:00
2020-06-28 00:00:00
2020-06-22 00:00:00
2020-06-12 00:00:00
48.11130899999999 81.0 0.593967
juvlaz072020.csv
2020-06-30 00:00:00
2020-06-30 00:00:00
48.86920399999999 82.0 0.595966
juvol080720.csv
2020-06-30 00:00:00
2020-03-08 00:00:00
49.241874999999986 83.0 0.593276
juvrom080120.csv
2020-06-30 00:00:00
2020-06-28 00:00:00
49.603979999999986 84.0 0.590524
juvsam072620.csv
2020-06-30 00:00:00
2020-06-28 00:00:00
50.180821999999985 85.0 0.590363
koerbl060120.csv
2020-06-27 00:00:00
2020-06-20 00:00:00
2020-06-17 00:00:00
2020-06-13 00:00:00
2020-06-07 00:00:00
2020-06-01 00:00:00
2020-06-27 00:00:00
2020-06-20 00:00:00
2020-06-17 00:00:00
2020-06-12 00:00:00
2020-06-06 00:00:00
2020-06-01 00:00:00
50.32337899999998 86.0 0.585156
lazcag072320.csv
2020-06-30 00:00:00
2020-06-27 00:00:00
51.05179999999998 87.0 0.586802
leemci100320.csv
2020-12-22 00:00:00
2020-11-25 00:00:00
2020-11-21 00:00:00
2020-11-08 00:00:00
2020-11-03 00:00:00
2020-10-31 00:00:00
2020-10-27 00:00:00
2020-10-24 00:00:00
2020-10-21 00:00:00
2020-10-17 00:00:00
2020-10-03 00:00:00
2020-11-22 00:00:00
2020-11-07 00:00:00
2020-11-02 00:00:00
2020-10-23 00:00:00
2020-10-19 00:00:00
2020-10-03 00:00:00
51.16119699999998 88.0 0.581377
leewol101920.csv
2020-11-21 00:00:00
2020-11-08 00:00:00
2020-10-30 00:00:00
2020-10-25 00:00:00
2020-10-19 00:00:00
2020-11-22 00:00:00
2020-11-07 00:00:00
2020-11-02 00:00:00
2020-10-23 00:00:00
2020-10-19 00:00:00
51.39121099999998 89.0 0.577429
leiavl101820.csv
2020-11-21 00:00:00
2020-11-08 00:00:00
2020-11-01 00:00:00
2020-10-23 00:00:00
2020-10-18 00:00:00
2020-11-26 00:00:00
2020-11-21 00:00:00
2020-11-08 00:00:00
2020-11-05 00:00:00
2020-11-02 00:00:00
2020-10-29 00:00:00
2020-10-25 00:00:00
2020-10-22 00:00:00
2020-10-18 00:00:00
52.15278199999997 90.0 0.579475
leibha062320.csv
2020-06-28 00:00:00
2020-06-23 00:00:00
2020-06-30 00:00:00
2020-06-23 00:00:00
52.96554499999997 91.0 0.582039
leibur092020.csv
2020-11-26 00:00:00
2020-11-21 00:00:00
2020-11-08 00:00:00
2020-11-05 00:00:00
2020-11-02 00:00:00
2020-10-29 00:00:00
2020-10-25 00:00:00
2020-10-22 00:00:00
2020-10-18 00:00:00
2020-10-04 00:00:00
2020-09-27 00:00:00
2020-09-23 00:00:00
2020-09-20 00:00:00
2020-11-21 00:00:00
2020-11-06 00:00:00
2020-10-31 00:00:00
2020-10-26 00:00:00
2020-10-19 00:00:00
2020-10-03 00:00:00
2020-09-30 00:00:00
2020-09-26 00:00:00
2020-09-23 00:00:00
2020-09-20 00:00:00
53.20975599999997 92.0 0.578367
leicry070420.csv
2020-06-28 00:00:00
2020-06-29 00:00:00
53.86192999999997 93.0 0.579161
leimu072620.csv
2020-06-28 00:00:00
2020-06-30 00:00:00
54.78455399999997 94.0 0.582814
leishu071620.csv
2020-06-28 00:00:00
2020-06-28 00:00:00
55.606252999999974 95.0 0.585329
levbay060620.csv
2020-06-27 00:00:00
2020-06-20 00:00:00
2020-06-16 00:00:00
2020-06-13 00:00:00
2020-06-10 00:00:00
2020-06-06 00:00:00
2020-06-27 00:00:00
2020-06-20 00:00:00
2020-06-17 00:00:00
2020-06-14 00:00:00
2020-06-09 00:00:00
2020-06-06 00:00:00
55.96670199999998 96.0 0.582986
lilren082220.csv
2020-03-08 00:00:00
2020-03-08 00:00:00
56.924507999999975 97.0 0.586851
livars092820.csv
2020-11-25 00:00:00
2020-11-21 00:00:00
2020-11-08 00:00:00
2020-11-03 00:00:00
2020-10-31 00:00:00
2020-10-27 00:00:00
2020-10-24 00:00:00
2020-10-21 00:00:00
2020-10-17 00:00:00
2020-10-04 00:00:00
2020-10-01 00:00:00
2020-09-28 00:00:00
2020-12-22 00:00:00
2020-11-26 00:00:00
2020-11-22 00:00:00
2020-11-08 00:00:00
2020-11-05 00:00:00
2020-11-01 00:00:00
2020-10-29 00:00:00
2020-10-25 00:00:00
2020-10-22 00:00:00
2020-10-17 00:00:00
2020-10-04 00:00:00
2020-10-01 00:00:00
2020-09-28 00:00:00
57.573876999999975 98.0 0.587489
livavl070520.csv
2020-06-24 00:00:00
2020-06-27 00:00:00
58.32413999999997 99.0 0.589133
livbur071120.csv
2020-06-24 00:00:00
2020-06-29 00:00:00
59.20913299999997 100.0 0.592091
livche072220.csv
2020-06-24 00:00:00
2020-06-28 00:00:00
59.96115199999997 101.0 0.593675
livcry062420.csv
2020-06-24 00:00:00
2020-06-29 00:00:00
2020-06-24 00:00:00
60.73604699999997 102.0 0.595451
livshu102420.csv
2020-11-25 00:00:00
2020-11-21 00:00:00
2020-11-08 00:00:00
2020-11-03 00:00:00
2020-10-31 00:00:00
2020-10-27 00:00:00
2020-10-24 00:00:00
2020-11-22 00:00:00
2020-11-07 00:00:00
2020-10-31 00:00:00
2020-10-24 00:00:00
61.13296099999997 103.0 0.593524
ludrso070620.csv
2020-06-29 00:00:00
2020-06-28 00:00:00
61.423283999999974 104.0 0.590608
marste091720.csv
2021-01-13 00:00:00
2020-11-25 00:00:00
2020-11-21 00:00:00
2020-11-06 00:00:00
2020-11-03 00:00:00
2020-10-27 00:00:00
2020-10-24 00:00:00
2020-10-21 00:00:00
2020-10-17 00:00:00
2020-10-04 00:00:00
2020-09-26 00:00:00
2020-09-20 00:00:00
2020-09-17 00:00:00
2020-11-21 00:00:00
2020-11-08 00:00:00
2020-11-01 00:00:00
2020-10-25 00:00:00
2020-10-18 00:00:00
2020-10-03 00:00:00
2020-09-26 00:00:00
2020-09-20 00:00:00
2020-09-17 00:00:00
62.128546999999976 105.0 0.5917
mciars101720.csv
2020-12-22 00:00:00
2020-11-25 00:00:00
2020-11-21 00:00:00
2020-11-08 00:00:00
2020-11-03 00:00:00
2020-10-31 00:00:00
2020-10-27 00:00:00
2020-10-24 00:00:00
2020-10-21 00:00:00
2020-10-17 00:00:00
2020-12-22 00:00:00
2020-11-26 00:00:00
2020-11-22 00:00:00
2020-11-08 00:00:00
2020-11-05 00:00:00
2020-11-01 00:00:00
2020-10-29 00:00:00
2020-10-25 00:00:00
2020-10-22 00:00:00
2020-10-17 00:00:00
63.09662599999998 106.0 0.595251
mcibou071520.csv
2020-06-28 00:00:00
2020-06-24 00:00:00
64.06382499999998 107.0 0.598727
mcibur062220.csv
2020-06-28 00:00:00
2020-06-25 00:00:00
2020-06-22 00:00:00
2020-06-29 00:00:00
2020-06-25 00:00:00
2020-06-22 00:00:00
64.57980499999998 108.0 0.597961
ludsfc061520.csv
2020-06-30 00:00:00
2020-06-26 00:00:00
2020-06-22 00:00:00
2020-06-19 00:00:00
2020-06-15 00:00:00
2020-06-28 00:00:00
2020-06-23 00:00:00
2020-06-20 00:00:00
2020-06-15 00:00:00
65.28014199999998 109.0 0.5989
mciars061720.csv
2020-06-28 00:00:00
2020-06-25 00:00:00
2020-06-22 00:00:00
2020-06-17 00:00:00
2020-06-28 00:00:00
2020-06-25 00:00:00
2020-06-20 00:00:00
2020-06-17 00:00:00
66.23640799999998 110.0 0.602149
mcilei092720.csv
2020-12-22 00:00:00
2020-11-25 00:00:00
2020-11-21 00:00:00
2020-11-08 00:00:00
2020-11-03 00:00:00
2020-10-31 00:00:00
2020-10-27 00:00:00
2020-10-24 00:00:00
2020-10-21 00:00:00
2020-10-17 00:00:00
2020-10-03 00:00:00
2020-09-30 00:00:00
2020-09-27 00:00:00
2020-11-26 00:00:00
2020-11-21 00:00:00
2020-11-08 00:00:00
2020-11-05 00:00:00
2020-11-02 00:00:00
2020-10-29 00:00:00
2020-10-25 00:00:00
2020-10-22 00:00:00
2020-10-18 00:00:00
2020-10-04 00:00:00
2020-09-27 00:00:00
67.09343099999998 111.0 0.604445
mciliv070220.csv
2020-06-28 00:00:00
2020-06-24 00:00:00
67.42081999999998 112.0 0.601972
mcinew070820.csv
2020-06-28 00:00:00
2020-06-28 00:00:00
68.33335199999998 113.0 0.60472
mciol081520.csv
2020-06-28 00:00:00
2020-03-08 00:00:00
68.52262599999997 114.0 0.601076
mcirma080720.csv
2020-06-28 00:00:00
2020-06-28 00:00:00
69.27656899999998 115.0 0.602405
mcorei082320.csv
2020-03-07 00:00:00
2020-03-07 00:00:00
69.56747799999998 116.0 0.59972
mgbfcu053120.csv
2020-06-27 00:00:00
2020-06-20 00:00:00
2020-06-16 00:00:00
2020-06-13 00:00:00
2020-06-05 00:00:00
2020-05-31 00:00:00
2020-06-27 00:00:00
2020-06-20 00:00:00
2020-06-16 00:00:00
2020-06-13 00:00:00
2020-06-07 00:00:00
2020-05-31 00:00:00
70.11025499999998 117.0 0.599233
mgbwob061620.csv
2020-06-27 00:00:00
2020-06-20 00:00:00
2020-06-16 00:00:00
2020-06-27 00:00:00
2020-06-20 00:00:00
2020-06-16 00:00:00
70.44330799999999 118.0 0.596977
mllbar061320.csv
2020-06-30 00:00:00
2020-06-27 00:00:00
2020-06-23 00:00:00
2020-06-19 00:00:00
2020-06-16 00:00:00
2020-06-13 00:00:00
2020-06-30 00:00:00
2020-06-27 00:00:00
2020-06-24 00:00:00
2020-06-19 00:00:00
2020-06-16 00:00:00
2020-06-13 00:00:00
70.91123599999999 119.0 0.595893
mtpol091520.csv
2020-11-22 00:00:00
2020-11-08 00:00:00
2020-11-01 00:00:00
2020-10-25 00:00:00
2020-10-18 00:00:00
2020-10-04 00:00:00
2020-09-27 00:00:00
2020-09-18 00:00:00
2020-09-15 00:00:00
2020-11-22 00:00:00
2020-11-07 00:00:00
2020-11-01 00:00:00
2020-10-25 00:00:00
2020-10-18 00:00:00
2020-10-04 00:00:00
2020-09-27 00:00:00
2020-09-20 00:00:00
2020-09-15 00:00:00
71.71544699999998 120.0 0.597629
muche071920.csv
2020-06-30 00:00:00
2020-06-28 00:00:00
72.36949499999999 121.0 0.598095
mucry091920.csv
2020-12-22 00:00:00
2020-11-24 00:00:00
2020-11-21 00:00:00
2020-11-07 00:00:00
2020-11-04 00:00:00
2020-11-01 00:00:00
2020-10-28 00:00:00
2020-10-24 00:00:00
2020-10-20 00:00:00
2020-10-17 00:00:00
2020-10-04 00:00:00
2020-09-30 00:00:00
2020-09-26 00:00:00
2020-09-22 00:00:00
2020-09-19 00:00:00
2020-11-21 00:00:00
2020-11-07 00:00:00
2020-10-30 00:00:00
2020-10-24 00:00:00
2020-10-18 00:00:00
2020-10-03 00:00:00
2020-09-26 00:00:00
2020-09-19 00:00:00
72.86668999999999 122.0 0.597268
mushu062420.csv
2020-06-30 00:00:00
2020-06-27 00:00:00
2020-06-24 00:00:00
2020-06-28 00:00:00
2020-06-24 00:00:00
73.26360399999999 123.0 0.595639
musou071320.csv
2020-06-30 00:00:00
2020-06-28 00:00:00
73.541429 124.0 0.593076
mutot061920.csv
2020-06-30 00:00:00
2020-06-27 00:00:00
2020-06-24 00:00:00
2020-06-19 00:00:00
2020-06-23 00:00:00
2020-06-19 00:00:00
74.444289 125.0 0.595554
mutot100420.csv
2020-12-22 00:00:00
2020-11-24 00:00:00
2020-11-21 00:00:00
2020-11-07 00:00:00
2020-11-04 00:00:00
2020-11-01 00:00:00
2020-10-28 00:00:00
2020-10-24 00:00:00
2020-10-20 00:00:00
2020-10-17 00:00:00
2020-10-04 00:00:00
2020-12-22 00:00:00
2020-11-26 00:00:00
2020-11-21 00:00:00
2020-11-08 00:00:00
2020-11-05 00:00:00
2020-11-01 00:00:00
2020-10-29 00:00:00
2020-10-26 00:00:00
2020-10-22 00:00:00
2020-10-18 00:00:00
2020-10-04 00:00:00
75.254213 126.0 0.597256
muwhu072220.csv
2020-06-30 00:00:00
2020-06-23 00:00:00
75.343784 127.0 0.593258
napint061320.csv
2020-06-28 00:00:00
2020-06-24 00:00:00
2020-06-21 00:00:00
2020-06-13 00:00:00
2020-06-28 00:00:00
2020-06-23 00:00:00
2020-06-17 00:00:00
2020-06-13 00:00:00
76.002731 128.0 0.593771
napsass072520.csv
2020-06-28 00:00:00
2020-06-28 00:00:00
76.76149699999999 129.0 0.59505
newbur100320.csv
2020-11-21 00:00:00
2020-11-06 00:00:00
2020-10-31 00:00:00
2020-10-26 00:00:00
2020-10-19 00:00:00
2020-10-03 00:00:00
2020-12-22 00:00:00
2020-11-21 00:00:00
2020-11-06 00:00:00
2020-11-01 00:00:00
2020-10-25 00:00:00
2020-10-17 00:00:00
2020-10-03 00:00:00
77.19768199999999 130.0 0.593828
newmu101720.csv
2020-12-22 00:00:00
2020-11-24 00:00:00
2020-11-21 00:00:00
2020-11-07 00:00:00
2020-11-04 00:00:00
2020-11-01 00:00:00
2020-10-28 00:00:00
2020-10-24 00:00:00
2020-10-20 00:00:00
2020-10-17 00:00:00
2020-12-22 00:00:00
2020-11-21 00:00:00
2020-11-06 00:00:00
2020-11-01 00:00:00
2020-10-25 00:00:00
2020-10-17 00:00:00
77.38702299999999 131.0 0.590741
newshu062120.csv
2020-06-28 00:00:00
2020-06-24 00:00:00
2020-06-21 00:00:00
2020-06-28 00:00:00
2020-06-24 00:00:00
2020-06-21 00:00:00
77.80357299999999 132.0 0.589421
newwhu070520.csv
2020-06-23 00:00:00
2020-06-28 00:00:00
78.52867799999999 133.0 0.590441
niclen082320.csv
2020-03-07 00:00:00
2020-03-09 00:00:00
79.15736999999999 134.0 0.590727
norbha070420.csv
2020-06-27 00:00:00
2020-06-30 00:00:00
79.43647199999998 135.0 0.588418
norbur071820.csv
2020-06-29 00:00:00
2020-06-27 00:00:00
79.98168799999998 136.0 0.588101
normu062720.csv
2020-06-30 00:00:00
2020-06-27 00:00:00
2020-06-27 00:00:00
80.78715599999998 137.0 0.589687
norsou061920.csv
2020-06-28 00:00:00
2020-06-25 00:00:00
2020-06-19 00:00:00
2020-06-27 00:00:00
2020-06-24 00:00:00
2020-06-19 00:00:00
80.97088699999998 138.0 0.586746
olbay081920.csv
2020-06-27 00:00:00
2020-03-08 00:00:00
81.51610299999997 139.0 0.586447
oldij082820.csv
2020-11-22 00:00:00
2020-11-08 00:00:00
2020-11-01 00:00:00
2020-10-25 00:00:00
2020-10-18 00:00:00
2020-10-04 00:00:00
2020-09-27 00:00:00
2020-09-18 00:00:00
2020-09-15 00:00:00
2020-09-11 00:00:00
2020-08-28 00:00:00
2020-11-22 00:00:00
2020-11-08 00:00:00
2020-11-01 00:00:00
2020-10-24 00:00:00
2020-10-16 00:00:00
2020-10-04 00:00:00
2020-09-27 00:00:00
2020-09-20 00:00:00
2020-09-13 00:00:00
2020-08-28 00:00:00
82.41483699999998 140.0 0.588677
pmaata072820.csv
2020-06-28 00:00:00
2020-06-28 00:00:00
82.74711899999998 141.0 0.586859
psgbay082320.csv
2020-06-27 00:00:00
2020-03-11 00:00:00
83.03643799999999 142.0 0.584764
psgmet091620.csv
2021-01-13 00:00:00
2020-11-24 00:00:00
2020-11-20 00:00:00
2020-11-07 00:00:00
2020-11-04 00:00:00
2020-10-31 00:00:00
2020-10-28 00:00:00
2020-10-24 00:00:00
2020-10-20 00:00:00
2020-10-16 00:00:00
2020-10-02 00:00:00
2020-09-27 00:00:00
2020-09-20 00:00:00
2020-09-16 00:00:00
2020-11-22 00:00:00
2020-11-08 00:00:00
2020-11-01 00:00:00
2020-10-25 00:00:00
2020-10-18 00:00:00
2020-10-04 00:00:00
2020-09-26 00:00:00
2020-09-20 00:00:00
2020-09-16 00:00:00
83.851305 143.0 0.586373
psgmu102020.csv
2021-01-13 00:00:00
2020-11-24 00:00:00
2020-11-20 00:00:00
2020-11-07 00:00:00
2020-11-04 00:00:00
2020-10-31 00:00:00
2020-10-28 00:00:00
2020-10-24 00:00:00
2020-10-20 00:00:00
2020-12-22 00:00:00
2020-11-24 00:00:00
2020-11-21 00:00:00
2020-11-07 00:00:00
2020-11-04 00:00:00
2020-11-01 00:00:00
2020-10-28 00:00:00
2020-10-24 00:00:00
2020-10-20 00:00:00
83.931249 144.0 0.582856
rbbesp062520.csv
2020-06-28 00:00:00
2020-06-25 00:00:00
2020-06-28 00:00:00
2020-06-25 00:00:00
84.544152 145.0 0.583063
rbbgra061520.csv
2020-06-28 00:00:00
2020-06-25 00:00:00
2020-06-20 00:00:00
2020-06-15 00:00:00
2020-06-28 00:00:00
2020-06-22 00:00:00
2020-06-19 00:00:00
2020-06-15 00:00:00
85.136719 146.0 0.583128
rblatl081320.csv
2020-06-27 00:00:00
2020-06-30 00:00:00
85.951586 147.0 0.584705
rblpsg081820.csv
2020-03-11 00:00:00
2020-06-27 00:00:00
86.67766400000001 148.0 0.58566
reilil083020.csv
2020-11-26 00:00:00
2020-11-22 00:00:00
2020-11-08 00:00:00
2020-11-05 00:00:00
2020-11-01 00:00:00
2020-10-29 00:00:00
2020-10-25 00:00:00
2020-10-22 00:00:00
2020-10-18 00:00:00
2020-10-04 00:00:00
2020-09-25 00:00:00
2020-09-20 00:00:00
2020-09-13 00:00:00
2020-08-30 00:00:00
2020-11-22 00:00:00
2020-11-08 00:00:00
2020-11-01 00:00:00
2020-10-25 00:00:00
2020-10-17 00:00:00
2020-10-04 00:00:00
2020-09-27 00:00:00
2020-09-24 00:00:00
2020-09-20 00:00:00
2020-09-17 00:00:00
2020-09-13 00:00:00
2020-08-30 00:00:00
87.11586600000001 149.0 0.58467
renmtp082920.csv
2020-11-24 00:00:00
2020-11-20 00:00:00
2020-11-07 00:00:00
2020-11-04 00:00:00
2020-10-31 00:00:00
2020-10-28 00:00:00
2020-10-23 00:00:00
2020-10-20 00:00:00
2020-10-16 00:00:00
2020-10-04 00:00:00
2020-09-26 00:00:00
2020-09-19 00:00:00
2020-09-13 00:00:00
2020-08-29 00:00:00
2020-11-22 00:00:00
2020-11-07 00:00:00
2020-11-01 00:00:00
2020-10-25 00:00:00
2020-10-18 00:00:00
2020-10-04 00:00:00
2020-09-27 00:00:00
2020-09-20 00:00:00
2020-09-15 00:00:00
2020-09-12 00:00:00
2020-08-29 00:00:00
87.37325000000001 150.0 0.582488
rmaalv071020.csv
2020-06-28 00:00:00
2020-06-27 00:00:00
88.19869700000001 151.0 0.584097
rmaeib061420.csv
2020-06-28 00:00:00
2020-06-24 00:00:00
2020-06-21 00:00:00
2020-06-18 00:00:00
2020-06-14 00:00:00
2020-06-28 00:00:00
2020-06-25 00:00:00
2020-06-20 00:00:00
2020-06-17 00:00:00
2020-06-14 00:00:00
88.66218 152.0 0.583304
rmagtf070220.csv
2020-06-28 00:00:00
2020-06-29 00:00:00
89.37606500000001 153.0 0.584157
rmavcf061820.csv
2020-06-28 00:00:00
2020-06-24 00:00:00
2020-06-21 00:00:00
2020-06-18 00:00:00
2020-06-28 00:00:00
2020-06-25 00:00:00
2020-06-21 00:00:00
2020-06-18 00:00:00
89.89850500000001 154.0 0.583757
rsogra071020.csv
2020-06-29 00:00:00
2020-06-28 00:00:00
90.51000600000002 155.0 0.583936
rsoosa061420.csv
2020-06-27 00:00:00
2020-06-24 00:00:00
2020-06-21 00:00:00
2020-06-17 00:00:00
2020-06-14 00:00:00
2020-06-29 00:00:00
2020-06-24 00:00:00
2020-06-21 00:00:00
2020-06-18 00:00:00
2020-06-14 00:00:00
90.72346600000002 156.0 0.581561
s04lev061420.csv
2020-06-27 00:00:00
2020-06-20 00:00:00
2020-06-17 00:00:00
2020-06-14 00:00:00
2020-06-27 00:00:00
2020-06-20 00:00:00
2020-06-17 00:00:00
2020-06-14 00:00:00
91.36274700000001 157.0 0.581928
sassacm072120.csv
2020-06-28 00:00:00
2020-06-28 00:00:00
91.68695800000002 158.0 0.580297
sbgnic082920.csv
2020-11-22 00:00:00
2020-11-06 00:00:00
2020-11-01 00:00:00
2020-10-25 00:00:00
2020-10-18 00:00:00
2020-10-04 00:00:00
2020-09-27 00:00:00
2020-09-20 00:00:00
2020-09-12 00:00:00
2020-08-29 00:00:00
2020-11-26 00:00:00
2020-11-21 00:00:00
2020-11-08 00:00:00
2020-11-05 00:00:00
2020-11-01 00:00:00
2020-10-29 00:00:00
2020-10-25 00:00:00
2020-10-22 00:00:00
2020-10-18 00:00:00
2020-10-03 00:00:00
2020-09-27 00:00:00
2020-09-20 00:00:00
2020-09-12 00:00:00
2020-08-29 00:00:00
92.18062900000002 159.0 0.579752
scfmgb060520.csv
2020-06-27 00:00:00
2020-06-20 00:00:00
2020-06-16 00:00:00
2020-06-13 00:00:00
2020-06-05 00:00:00
2020-06-27 00:00:00
2020-06-20 00:00:00
2020-06-16 00:00:00
2020-06-13 00:00:00
2020-06-05 00:00:00
93.13857000000003 160.0 0.582116
scpbvb053120.csv
2020-06-27 00:00:00
2020-06-20 00:00:00
2020-06-17 00:00:00
2020-06-13 00:00:00
2020-06-06 00:00:00
2020-05-31 00:00:00
2020-06-27 00:00:00
2020-06-20 00:00:00
2020-06-16 00:00:00
2020-06-13 00:00:00
2020-06-06 00:00:00
2020-05-31 00:00:00
93.63278700000004 161.0 0.58157
sfcbar061920.csv
2020-06-30 00:00:00
2020-06-27 00:00:00
2020-06-23 00:00:00
2020-06-19 00:00:00
2020-06-30 00:00:00
2020-06-26 00:00:00
2020-06-22 00:00:00
2020-06-19 00:00:00
94.50235200000003 162.0 0.583348
sfceib070620.csv
2020-06-30 00:00:00
2020-06-28 00:00:00
95.19519900000003 163.0 0.58402
sfcint082120.csv
2020-06-28 00:00:00
2020-06-30 00:00:00
96.05354400000003 164.0 0.585692
sfcmu081620.csv
2020-06-30 00:00:00
2020-06-30 00:00:00
96.85001200000004 165.0 0.58697
sfcrbb061120.csv
2020-06-28 00:00:00
2020-06-25 00:00:00
2020-06-20 00:00:00
2020-06-15 00:00:00
2020-06-11 00:00:00
2020-06-30 00:00:00
2020-06-26 00:00:00
2020-06-22 00:00:00
2020-06-19 00:00:00
2020-06-15 00:00:00
2020-06-11 00:00:00
97.53756500000003 166.0 0.587576
sfcvll062620.csv
2020-06-30 00:00:00
2020-06-26 00:00:00
2020-06-26 00:00:00
['Raul Carnero']
shuche071120.csv
2020-06-28 00:00:00
2020-06-28 00:00:00
98.31306400000003 167.0 0.588701
shueve072020.csv
2020-06-24 00:00:00
2020-06-28 00:00:00
99.15598100000003 168.0 0.590214
shuful101820.csv
2020-11-21 00:00:00
2020-11-07 00:00:00
2020-11-02 00:00:00
2020-10-24 00:00:00
2020-10-18 00:00:00
2020-11-22 00:00:00
2020-11-07 00:00:00
2020-10-31 00:00:00
2020-10-24 00:00:00
2020-10-18 00:00:00
99.67177000000002 169.0 0.589774
shutot070220.csv
2020-06-23 00:00:00
2020-06-28 00:00:00
100.17555500000002 170.0 0.589268
souars062520.csv
2020-06-28 00:00:00
2020-06-25 00:00:00
2020-06-28 00:00:00
2020-06-25 00:00:00
100.55844400000002 171.0 0.588061
shuwol091420.csv
2020-11-21 00:00:00
2020-11-08 00:00:00
2020-10-30 00:00:00
2020-10-25 00:00:00
2020-10-19 00:00:00
2020-10-04 00:00:00
2020-09-27 00:00:00
2020-09-21 00:00:00
2020-09-17 00:00:00
2020-09-14 00:00:00
2020-11-22 00:00:00
2020-11-07 00:00:00
2020-10-31 00:00:00
2020-10-24 00:00:00
2020-10-18 00:00:00
2020-10-04 00:00:00
2020-09-27 00:00:00
2020-09-21 00:00:00
2020-09-17 00:00:00
2020-09-14 00:00:00
100.82581200000003 172.0 0.586197
soueve102520.csv
2020-12-22 00:00:00
2020-11-21 00:00:00
2020-11-07 00:00:00
2020-11-01 00:00:00
2020-10-25 00:00:00
2020-11-21 00:00:00
2020-11-06 00:00:00
2020-11-01 00:00:00
2020-10-25 00:00:00
100.89949600000003 173.0 0.583234
soumci070520.csv
2020-06-28 00:00:00
2020-06-28 00:00:00
101.75806600000003 174.0 0.584816
spalfio080220.csv
2020-06-27 00:00:00
2020-06-28 00:00:00
102.61490800000003 175.0 0.586371
soutot092020.csv
2020-12-22 00:00:00
2020-11-26 00:00:00
2020-11-21 00:00:00
2020-11-08 00:00:00
2020-11-05 00:00:00
2020-11-01 00:00:00
2020-10-29 00:00:00
2020-10-26 00:00:00
2020-10-22 00:00:00
2020-10-18 00:00:00
2020-10-04 00:00:00
2020-10-01 00:00:00
2020-09-29 00:00:00
2020-09-27 00:00:00
2020-09-24 00:00:00
2020-09-20 00:00:00
2020-11-21 00:00:00
2020-11-06 00:00:00
2020-11-01 00:00:00
2020-10-25 00:00:00
2020-10-17 00:00:00
2020-10-04 00:00:00
2020-09-26 00:00:00
2020-09-20 00:00:00
103.02754000000003 176.0 0.585384
svwbay061620.csv
2020-06-27 00:00:00
2020-06-20 00:00:00
2020-06-16 00:00:00
2020-06-27 00:00:00
2020-06-20 00:00:00
2020-06-16 00:00:00
103.43484300000003 177.0 0.584378
svwsge060320.csv
2020-06-27 00:00:00
2020-06-20 00:00:00
2020-06-17 00:00:00
2020-06-13 00:00:00
2020-06-10 00:00:00
2020-06-06 00:00:00
2020-06-03 00:00:00
2020-06-27 00:00:00
2020-06-20 00:00:00
2020-06-16 00:00:00
2020-06-13 00:00:00
2020-06-07 00:00:00
2020-06-03 00:00:00
104.25661000000002 178.0 0.585711
svwwob060720.csv
2020-06-27 00:00:00
2020-06-20 00:00:00
2020-06-16 00:00:00
2020-06-13 00:00:00
2020-06-07 00:00:00
2020-06-27 00:00:00
2020-06-20 00:00:00
2020-06-16 00:00:00
2020-06-13 00:00:00
2020-06-07 00:00:00
105.06082100000002 179.0 0.586932
totars071220.csv
2020-06-28 00:00:00
2020-06-23 00:00:00
105.99510100000002 180.0 0.588862
toteve070620.csv
2020-06-23 00:00:00
2020-06-24 00:00:00
106.98837300000002 181.0 0.591096
toteve091320.csv
2020-12-22 00:00:00
2020-11-26 00:00:00
2020-11-21 00:00:00
2020-11-08 00:00:00
2020-11-05 00:00:00
2020-11-01 00:00:00
2020-10-29 00:00:00
2020-10-26 00:00:00
2020-10-22 00:00:00
2020-10-18 00:00:00
2020-10-04 00:00:00
2020-10-01 00:00:00
2020-09-29 00:00:00
2020-09-27 00:00:00
2020-09-24 00:00:00
2020-09-20 00:00:00
2020-09-17 00:00:00
2020-09-13 00:00:00
2020-12-22 00:00:00
2020-11-21 00:00:00
2020-11-07 00:00:00
2020-11-01 00:00:00
2020-10-25 00:00:00
2020-10-17 00:00:00
2020-10-03 00:00:00
2020-09-30 00:00:00
2020-09-26 00:00:00
2020-09-23 00:00:00
2020-09-19 00:00:00
2020-09-16 00:00:00
2020-09-13 00:00:00
107.53841500000003 182.0 0.59087
totlei071920.csv
2020-06-28 00:00:00
2020-06-23 00:00:00
108.25292600000003 183.0 0.591546
totnew092720.csv
2020-12-22 00:00:00
2020-11-26 00:00:00
2020-11-21 00:00:00
2020-11-08 00:00:00
2020-11-05 00:00:00
2020-11-01 00:00:00
2020-10-29 00:00:00
2020-10-26 00:00:00
2020-10-22 00:00:00
2020-10-18 00:00:00
2020-10-04 00:00:00
2020-10-01 00:00:00
2020-09-29 00:00:00
2020-09-27 00:00:00
2020-12-22 00:00:00
2020-11-21 00:00:00
2020-11-06 00:00:00
2020-11-01 00:00:00
2020-10-25 00:00:00
2020-10-17 00:00:00
2020-10-03 00:00:00
2020-09-30 00:00:00
2020-09-27 00:00:00
108.37713700000003 184.0 0.589006
totwhu062320.csv
2020-06-23 00:00:00
2020-06-23 00:00:00
109.13323500000003 185.0 0.589909
totwhu101820.csv
2020-12-22 00:00:00
2020-11-26 00:00:00
2020-11-21 00:00:00
2020-11-08 00:00:00
2020-11-05 00:00:00
2020-11-01 00:00:00
2020-10-29 00:00:00
2020-10-26 00:00:00
2020-10-22 00:00:00
2020-10-18 00:00:00
2020-11-22 00:00:00
2020-11-07 00:00:00
2020-10-31 00:00:00
2020-10-24 00:00:00
2020-10-18 00:00:00
109.84896300000003 186.0 0.590586
tsgrbl061220.csv
2020-06-27 00:00:00
2020-06-20 00:00:00
2020-06-17 00:00:00
2020-06-12 00:00:00
2020-06-27 00:00:00
2020-06-20 00:00:00
2020-06-17 00:00:00
2020-06-12 00:00:00
110.46046400000003 187.0 0.590698
vcflud061220.csv
2020-06-28 00:00:00
2020-06-25 00:00:00
2020-06-21 00:00:00
2020-06-18 00:00:00
2020-06-12 00:00:00
2020-06-28 00:00:00
2020-06-23 00:00:00
2020-06-20 00:00:00
2020-06-15 00:00:00
2020-06-12 00:00:00
110.90105300000003 188.0 0.589899
verata071820.csv
2020-06-28 00:00:00
2020-06-28 00:00:00
111.88631600000004 189.0 0.591991
verint070920.csv
2020-06-28 00:00:00
2020-06-28 00:00:00
112.45433800000004 190.0 0.591865
vilbar070520.csv
2020-06-30 00:00:00
2020-06-28 00:00:00
113.02797100000004 191.0 0.591769
watlei062020.csv
2020-06-28 00:00:00
2020-06-23 00:00:00
2020-06-20 00:00:00
2020-06-28 00:00:00
2020-06-25 00:00:00
2020-06-20 00:00:00
113.93259900000004 192.0 0.593399
watmci072120.csv
2020-06-28 00:00:00
2020-06-28 00:00:00
114.45320500000004 193.0 0.593022
watsou062820.csv
2020-06-28 00:00:00
2020-06-28 00:00:00
114.85993700000004 194.0 0.592062
wbabur101920.csv
2020-11-21 00:00:00
2020-11-08 00:00:00
2020-11-02 00:00:00
2020-10-26 00:00:00
2020-10-19 00:00:00
2020-11-21 00:00:00
2020-11-06 00:00:00
2020-10-31 00:00:00
2020-10-26 00:00:00
2020-10-19 00:00:00
115.33679500000005 195.0 0.591471
wbaful071420.csv
2020-06-26 00:00:00
2020-06-30 00:00:00
116.31574200000006 196.0 0.593448
whuche070120.csv
2020-06-28 00:00:00
2020-06-23 00:00:00
117.11136900000005 197.0 0.594474
whunew091220.csv
2020-11-22 00:00:00
2020-11-07 00:00:00
2020-10-31 00:00:00
2020-10-24 00:00:00
2020-10-18 00:00:00
2020-10-04 00:00:00
2020-09-30 00:00:00
2020-09-27 00:00:00
2020-09-22 00:00:00
2020-09-19 00:00:00
2020-09-15 00:00:00
2020-09-12 00:00:00
2020-12-22 00:00:00
2020-11-21 00:00:00
2020-11-06 00:00:00
2020-11-01 00:00:00
2020-10-25 00:00:00
2020-10-17 00:00:00
2020-10-03 00:00:00
2020-09-30 00:00:00
2020-09-27 00:00:00
2020-09-23 00:00:00
2020-09-20 00:00:00
2020-09-15 00:00:00
2020-09-12 00:00:00
117.95127400000005 198.0 0.595714
whuwat071720.csv
2020-06-23 00:00:00
2020-06-28 00:00:00
118.66195500000005 199.0 0.596291
whuwol062020.csv
2020-06-27 00:00:00
2020-06-24 00:00:00
2020-06-20 00:00:00
2020-06-23 00:00:00
2020-06-20 00:00:00
119.08151300000004 200.0 0.595408
whuwol092720.csv
2020-11-21 00:00:00
2020-11-08 00:00:00
2020-10-30 00:00:00
2020-10-25 00:00:00
2020-10-19 00:00:00
2020-10-04 00:00:00
2020-09-27 00:00:00
2020-11-22 00:00:00
2020-11-07 00:00:00
2020-10-31 00:00:00
2020-10-24 00:00:00
2020-10-18 00:00:00
2020-10-04 00:00:00
2020-09-30 00:00:00
2020-09-27 00:00:00
120.04361800000004 201.0 0.597232
woblev092020.csv
2020-11-26 00:00:00
2020-11-21 00:00:00
2020-11-08 00:00:00
2020-11-05 00:00:00
2020-11-01 00:00:00
2020-10-29 00:00:00
2020-10-26 00:00:00
2020-10-22 00:00:00
2020-10-17 00:00:00
2020-10-03 00:00:00
2020-09-26 00:00:00
2020-09-20 00:00:00
2020-11-21 00:00:00
2020-11-08 00:00:00
2020-11-01 00:00:00
2020-10-25 00:00:00
2020-10-17 00:00:00
2020-10-04 00:00:00
2020-10-01 00:00:00
2020-09-27 00:00:00
2020-09-24 00:00:00
2020-09-20 00:00:00
120.23959800000004 202.0 0.595246
wolars070420.csv
2020-06-28 00:00:00
2020-06-27 00:00:00
121.12831100000004 203.0 0.596691
wolcry072020.csv
2020-06-27 00:00:00
2020-06-29 00:00:00
121.32851300000004 204.0 0.594748
woleve071220.csv
2020-06-24 00:00:00
2020-06-27 00:00:00
121.96806400000004 205.0 0.594966
wolmci092120.csv
2020-12-22 00:00:00
2020-11-25 00:00:00
2020-11-21 00:00:00
2020-11-08 00:00:00
2020-11-03 00:00:00
2020-10-31 00:00:00
2020-10-27 00:00:00
2020-10-24 00:00:00
2020-10-21 00:00:00
2020-10-17 00:00:00
2020-10-03 00:00:00
2020-09-30 00:00:00
2020-09-27 00:00:00
2020-09-24 00:00:00
2020-09-21 00:00:00
2020-11-21 00:00:00
2020-11-08 00:00:00
2020-10-30 00:00:00
2020-10-25 00:00:00
2020-10-19 00:00:00
2020-10-04 00:00:00
2020-09-27 00:00:00
2020-09-21 00:00:00
122.75277600000004 206.0 0.595887
wolnew102520.csv
2020-11-21 00:00:00
2020-11-08 00:00:00
2020-10-30 00:00:00
2020-10-25 00:00:00
2020-12-22 00:00:00
2020-11-21 00:00:00
2020-11-06 00:00:00
2020-11-01 00:00:00
2020-10-25 00:00:00
122.83688000000004 207.0 0.593415
wolsfc081120.csv
2020-06-27 00:00:00
2020-06-30 00:00:00
123.61325100000003 208.0 0.594294
acmata072420.csv
2020-06-28 00:00:00
2020-06-28 00:00:00
124.32729600000003 209.0 0.594867
0.594867
